99.08.19 02:13 B d:\Grill\HTML\.htaccess <-- Grilledcheese.com /opt/guide/grill/HTML .htaccess
99.08.19 02:13 A d:\Grill\HTML\application.pl <-- Grilledcheese.com /opt/guide/grill/HTML application.pl
99.08.19 02:13 A d:\Grill\HTML\book.html <-- Grilledcheese.com /opt/guide/grill/HTML book.html
99.08.19 02:13 A d:\Grill\HTML\booklog.html <-- Grilledcheese.com /opt/guide/grill/HTML booklog.html
99.08.19 02:13 A d:\Grill\HTML\bottomleft.html <-- Grilledcheese.com /opt/guide/grill/HTML bottomleft.html
99.08.19 02:13 A d:\Grill\HTML\bottomright.html <-- Grilledcheese.com /opt/guide/grill/HTML bottomright.html
99.08.19 02:13 A d:\Grill\HTML\contact.html <-- Grilledcheese.com /opt/guide/grill/HTML contact.html
99.08.19 02:13 B d:\Grill\HTML\desktop.jpg <-- Grilledcheese.com /opt/guide/grill/HTML desktop.jpg
99.08.19 02:13 A d:\Grill\HTML\extra.html <-- Grilledcheese.com /opt/guide/grill/HTML extra.html
99.08.19 02:13 B d:\Grill\HTML\flag.gif <-- Grilledcheese.com /opt/guide/grill/HTML flag.gif
99.08.19 02:13 A d:\Grill\HTML\fonts.html <-- Grilledcheese.com /opt/guide/grill/HTML fonts.html
99.08.19 02:13 A d:\Grill\HTML\grilledcheese_com.html <-- Grilledcheese.com /opt/guide/grill/HTML grilledcheese_com.html
99.08.19 02:13 A d:\Grill\HTML\header.html <-- Grilledcheese.com /opt/guide/grill/HTML header.html
99.08.19 02:13 A d:\Grill\HTML\index.html <-- Grilledcheese.com /opt/guide/grill/HTML index.html
99.08.19 02:13 A d:\Grill\HTML\index2.html <-- Grilledcheese.com /opt/guide/grill/HTML index2.html
99.08.19 02:13 A d:\Grill\HTML\index3.html <-- Grilledcheese.com /opt/guide/grill/HTML index3.html
99.08.19 02:13 A d:\Grill\HTML\index4.html <-- Grilledcheese.com /opt/guide/grill/HTML index4.html
99.08.19 02:13 A d:\Grill\HTML\index5.html <-- Grilledcheese.com /opt/guide/grill/HTML index5.html
99.08.19 02:13 A d:\Grill\HTML\index6.html <-- Grilledcheese.com /opt/guide/grill/HTML index6.html
99.08.19 02:13 A d:\Grill\HTML\indexnoframes.html <-- Grilledcheese.com /opt/guide/grill/HTML indexnoframes.html
99.08.19 02:13 A d:\Grill\HTML\info.html <-- Grilledcheese.com /opt/guide/grill/HTML info.html
99.08.19 02:13 B d:\Grill\HTML\info.html.pgp <-- Grilledcheese.com /opt/guide/grill/HTML info.html.pgp
99.08.19 02:13 A d:\Grill\HTML\info2.html <-- Grilledcheese.com /opt/guide/grill/HTML info2.html
99.08.19 02:13 A d:\Grill\HTML\jobs.txt <-- Grilledcheese.com /opt/guide/grill/HTML jobs.txt
99.08.19 02:13 A d:\Grill\HTML\links.html <-- Grilledcheese.com /opt/guide/grill/HTML links.html
99.08.19 02:13 A d:\Grill\HTML\links.txt <-- Grilledcheese.com /opt/guide/grill/HTML links.txt
99.08.19 02:13 A d:\Grill\HTML\ordering.html <-- Grilledcheese.com /opt/guide/grill/HTML ordering.html
99.08.19 02:13 A d:\Grill\HTML\readme.html <-- Grilledcheese.com /opt/guide/grill/HTML readme.html
99.08.19 02:14 A d:\Grill\HTML\referr.html <-- Grilledcheese.com /opt/guide/grill/HTML referr.html
99.08.19 02:14 B d:\Grill\HTML\resume.doc <-- Grilledcheese.com /opt/guide/grill/HTML resume.doc
99.08.19 02:14 A d:\Grill\HTML\resume.txt <-- Grilledcheese.com /opt/guide/grill/HTML resume.txt
99.08.19 02:14 A d:\Grill\HTML\tea.html <-- Grilledcheese.com /opt/guide/grill/HTML tea.html
99.08.19 02:14 B d:\Grill\HTML\tea3.jpg <-- Grilledcheese.com /opt/guide/grill/HTML tea3.jpg
99.08.19 02:14 A d:\Grill\HTML\thanks.html <-- Grilledcheese.com /opt/guide/grill/HTML thanks.html
99.08.19 02:14 A d:\Grill\HTML\top.html <-- Grilledcheese.com /opt/guide/grill/HTML top.html
99.08.19 02:14 B d:\Grill\HTML\untitled.gif <-- Grilledcheese.com /opt/guide/grill/HTML untitled.gif
99.08.19 02:14 B d:\Grill\HTML\untitled6.gif <-- Grilledcheese.com /opt/guide/grill/HTML untitled6.gif
99.08.19 02:14 A d:\Grill\HTML\updates.html <-- Grilledcheese.com /opt/guide/grill/HTML updates.html
99.08.19 02:14 A d:\Grill\HTML\www_grilledcheese_com.html <-- Grilledcheese.com /opt/guide/grill/HTML www_grilledcheese_com.html
99.08.20 00:07 B d:\Grill\HTML\.htaccess --> r-i-o-t.com /grill .htaccess
99.08.20 00:07 A d:\Grill\HTML\application.pl --> r-i-o-t.com /grill application.pl
99.08.20 00:07 A d:\Grill\HTML\book.html --> r-i-o-t.com /grill book.html
99.08.20 00:07 A d:\Grill\HTML\booklog.html --> r-i-o-t.com /grill booklog.html
99.08.20 00:07 A d:\Grill\HTML\bottomleft.html --> r-i-o-t.com /grill bottomleft.html
99.08.20 00:07 A d:\Grill\HTML\bottomright.html --> r-i-o-t.com /grill bottomright.html
99.08.20 00:07 A d:\Grill\HTML\contact.html --> r-i-o-t.com /grill contact.html
99.08.20 00:07 B d:\Grill\HTML\desktop.jpg --> r-i-o-t.com /grill desktop.jpg
99.08.20 00:07 A d:\Grill\HTML\extra.html --> r-i-o-t.com /grill extra.html
99.08.20 00:07 B d:\Grill\HTML\flag.gif --> r-i-o-t.com /grill flag.gif
99.08.20 00:07 A d:\Grill\HTML\fonts.html --> r-i-o-t.com /grill fonts.html
99.08.20 00:07 A d:\Grill\HTML\grilledcheese_com.html --> r-i-o-t.com /grill grilledcheese_com.html
99.08.20 00:07 A d:\Grill\HTML\header.html --> r-i-o-t.com /grill header.html
99.08.20 00:07 A d:\Grill\HTML\index.html --> r-i-o-t.com /grill index.html
99.08.20 00:07 A d:\Grill\HTML\index2.html --> r-i-o-t.com /grill index2.html
99.08.20 00:07 A d:\Grill\HTML\index3.html --> r-i-o-t.com /grill index3.html
99.08.20 00:07 A d:\Grill\HTML\index4.html --> r-i-o-t.com /grill index4.html
99.08.20 00:07 A d:\Grill\HTML\index5.html --> r-i-o-t.com /grill index5.html
99.08.20 00:08 A d:\Grill\HTML\index6.html --> r-i-o-t.com /grill index6.html
99.08.20 00:08 A d:\Grill\HTML\indexnoframes.html --> r-i-o-t.com /grill indexnoframes.html
99.08.20 00:08 A d:\Grill\HTML\info.html --> r-i-o-t.com /grill info.html
99.08.20 00:08 B d:\Grill\HTML\info.html.pgp --> r-i-o-t.com /grill info.html.pgp
99.08.20 00:08 A d:\Grill\HTML\info2.html --> r-i-o-t.com /grill info2.html
99.08.20 00:08 A d:\Grill\HTML\jobs.txt --> r-i-o-t.com /grill jobs.txt
99.08.20 00:08 A d:\Grill\HTML\links.html --> r-i-o-t.com /grill links.html
99.08.20 00:08 A d:\Grill\HTML\links.txt --> r-i-o-t.com /grill links.txt
99.08.20 00:08 A d:\Grill\HTML\ordering.html --> r-i-o-t.com /grill ordering.html
99.08.20 00:08 A d:\Grill\HTML\readme.html --> r-i-o-t.com /grill readme.html
99.08.20 00:08 A d:\Grill\HTML\referr.html --> r-i-o-t.com /grill referr.html
99.08.20 00:08 B d:\Grill\HTML\resume.doc --> r-i-o-t.com /grill resume.doc
99.08.20 00:08 A d:\Grill\HTML\resume.txt --> r-i-o-t.com /grill resume.txt
99.08.20 00:08 A d:\Grill\HTML\tea.html --> r-i-o-t.com /grill tea.html
99.08.20 00:08 B d:\Grill\HTML\tea3.jpg --> r-i-o-t.com /grill tea3.jpg
99.08.20 00:08 A d:\Grill\HTML\thanks.html --> r-i-o-t.com /grill thanks.html
99.08.20 00:08 A d:\Grill\HTML\top.html --> r-i-o-t.com /grill top.html
99.08.20 00:09 B d:\Grill\HTML\untitled.gif --> r-i-o-t.com /grill untitled.gif
99.08.20 00:09 B d:\Grill\HTML\untitled6.gif --> r-i-o-t.com /grill untitled6.gif
99.08.20 00:09 A d:\Grill\HTML\updates.html --> r-i-o-t.com /grill updates.html
