99.08.19 01:55 B d:\Grill\HTML\img\font\711slurpie.gif <-- Grilledcheese.com /opt/guide/grill/HTML/img/font 711slurpie.gif
99.08.19 01:55 B d:\Grill\HTML\img\font\aerosolshadow.gif <-- Grilledcheese.com /opt/guide/grill/HTML/img/font aerosolshadow.gif
99.08.19 01:56 B d:\Grill\HTML\img\font\aerosolsolid.gif <-- Grilledcheese.com /opt/guide/grill/HTML/img/font aerosolsolid.gif
99.08.19 01:56 B d:\Grill\HTML\img\font\basehead.gif <-- Grilledcheese.com /opt/guide/grill/HTML/img/font basehead.gif
99.08.19 01:56 B d:\Grill\HTML\img\font\basicgrunge.gif <-- Grilledcheese.com /opt/guide/grill/HTML/img/font basicgrunge.gif
99.08.19 01:56 B d:\Grill\HTML\img\font\bbthom.gif <-- Grilledcheese.com /opt/guide/grill/HTML/img/font bbthom.gif
99.08.19 01:56 B d:\Grill\HTML\img\font\blacklipstick.gif <-- Grilledcheese.com /opt/guide/grill/HTML/img/font blacklipstick.gif
99.08.19 01:56 B d:\Grill\HTML\img\font\bridie.gif <-- Grilledcheese.com /opt/guide/grill/HTML/img/font bridie.gif
99.08.19 01:56 B d:\Grill\HTML\img\font\dancehall.gif <-- Grilledcheese.com /opt/guide/grill/HTML/img/font dancehall.gif
99.08.19 01:56 B d:\Grill\HTML\img\font\drugproblem.gif <-- Grilledcheese.com /opt/guide/grill/HTML/img/font drugproblem.gif
99.08.19 01:56 B d:\Grill\HTML\img\font\fishnetgirl.gif <-- Grilledcheese.com /opt/guide/grill/HTML/img/font fishnetgirl.gif
99.08.19 01:56 B d:\Grill\HTML\img\font\freeble.gif <-- Grilledcheese.com /opt/guide/grill/HTML/img/font freeble.gif
99.08.19 01:56 B d:\Grill\HTML\img\font\futureman.gif <-- Grilledcheese.com /opt/guide/grill/HTML/img/font futureman.gif
99.08.19 01:56 B d:\Grill\HTML\img\font\gankit.gif <-- Grilledcheese.com /opt/guide/grill/HTML/img/font gankit.gif
99.08.19 01:56 B d:\Grill\HTML\img\font\giggapop.gif <-- Grilledcheese.com /opt/guide/grill/HTML/img/font giggapop.gif
99.08.19 01:56 B d:\Grill\HTML\img\font\goffick.gif <-- Grilledcheese.com /opt/guide/grill/HTML/img/font goffick.gif
99.08.19 01:56 B d:\Grill\HTML\img\font\halebopp.gif <-- Grilledcheese.com /opt/guide/grill/HTML/img/font halebopp.gif
99.08.19 01:57 B d:\Grill\HTML\img\font\hashsmash.gif <-- Grilledcheese.com /opt/guide/grill/HTML/img/font hashsmash.gif
99.08.19 01:57 B d:\Grill\HTML\img\font\hubbapiegon.gif <-- Grilledcheese.com /opt/guide/grill/HTML/img/font hubbapiegon.gif
99.08.19 01:57 A d:\Grill\HTML\img\font\index.html <-- Grilledcheese.com /opt/guide/grill/HTML/img/font index.html
99.08.19 01:57 B d:\Grill\HTML\img\font\merker.gif <-- Grilledcheese.com /opt/guide/grill/HTML/img/font merker.gif
99.08.19 01:57 B d:\Grill\HTML\img\font\modboss.gif <-- Grilledcheese.com /opt/guide/grill/HTML/img/font modboss.gif
99.08.19 01:57 B d:\Grill\HTML\img\font\modkilliah.gif <-- Grilledcheese.com /opt/guide/grill/HTML/img/font modkilliah.gif
99.08.19 01:57 B d:\Grill\HTML\img\font\modpak.gif <-- Grilledcheese.com /opt/guide/grill/HTML/img/font modpak.gif
99.08.19 01:57 B d:\Grill\HTML\img\font\modpuffy.gif <-- Grilledcheese.com /opt/guide/grill/HTML/img/font modpuffy.gif
99.08.19 01:57 B d:\Grill\HTML\img\font\mrcalcium.gif <-- Grilledcheese.com /opt/guide/grill/HTML/img/font mrcalcium.gif
99.08.19 01:57 B d:\Grill\HTML\img\font\ophake.gif <-- Grilledcheese.com /opt/guide/grill/HTML/img/font ophake.gif
99.08.19 01:57 B d:\Grill\HTML\img\font\pantaloons.gif <-- Grilledcheese.com /opt/guide/grill/HTML/img/font pantaloons.gif
99.08.19 01:57 B d:\Grill\HTML\img\font\previewmissing.gif <-- Grilledcheese.com /opt/guide/grill/HTML/img/font previewmissing.gif
99.08.19 01:57 B d:\Grill\HTML\img\font\radfaceabsurd.gif <-- Grilledcheese.com /opt/guide/grill/HTML/img/font radfaceabsurd.gif
99.08.19 01:57 B d:\Grill\HTML\img\font\radfacecomplex.gif <-- Grilledcheese.com /opt/guide/grill/HTML/img/font radfacecomplex.gif
99.08.19 01:57 B d:\Grill\HTML\img\font\radfacenotsimple.gif <-- Grilledcheese.com /opt/guide/grill/HTML/img/font radfacenotsimple.gif
99.08.19 01:58 B d:\Grill\HTML\img\font\radfacesimple.gif <-- Grilledcheese.com /opt/guide/grill/HTML/img/font radfacesimple.gif
99.08.19 01:58 B d:\Grill\HTML\img\font\radpak.gif <-- Grilledcheese.com /opt/guide/grill/HTML/img/font radpak.gif
99.08.19 01:58 B d:\Grill\HTML\img\font\ravergoggle.gif <-- Grilledcheese.com /opt/guide/grill/HTML/img/font ravergoggle.gif
99.08.19 01:58 B d:\Grill\HTML\img\font\raverkids.gif <-- Grilledcheese.com /opt/guide/grill/HTML/img/font raverkids.gif
99.08.19 01:58 B d:\Grill\HTML\img\font\rudemerker.gif <-- Grilledcheese.com /opt/guide/grill/HTML/img/font rudemerker.gif
99.08.19 01:58 B d:\Grill\HTML\img\font\skeemat.gif <-- Grilledcheese.com /opt/guide/grill/HTML/img/font skeemat.gif
99.08.19 01:58 B d:\Grill\HTML\img\font\skydoor.gif <-- Grilledcheese.com /opt/guide/grill/HTML/img/font skydoor.gif
99.08.19 01:58 B d:\Grill\HTML\img\font\tinomen.gif <-- Grilledcheese.com /opt/guide/grill/HTML/img/font tinomen.gif
99.08.19 23:35 B d:\Grill\HTML\img\font\711slurpie.gif --> r-i-o-t.com /grill/img/font 711slurpie.gif
99.08.19 23:35 B d:\Grill\HTML\img\font\aerosolshadow.gif --> r-i-o-t.com /grill/img/font aerosolshadow.gif
99.08.19 23:35 B d:\Grill\HTML\img\font\aerosolsolid.gif --> r-i-o-t.com /grill/img/font aerosolsolid.gif
99.08.19 23:35 B d:\Grill\HTML\img\font\basehead.gif --> r-i-o-t.com /grill/img/font basehead.gif
99.08.19 23:35 B d:\Grill\HTML\img\font\basicgrunge.gif --> r-i-o-t.com /grill/img/font basicgrunge.gif
99.08.19 23:35 B d:\Grill\HTML\img\font\bbthom.gif --> r-i-o-t.com /grill/img/font bbthom.gif
99.08.19 23:35 B d:\Grill\HTML\img\font\blacklipstick.gif --> r-i-o-t.com /grill/img/font blacklipstick.gif
99.08.19 23:35 B d:\Grill\HTML\img\font\bridie.gif --> r-i-o-t.com /grill/img/font bridie.gif
99.08.19 23:35 B d:\Grill\HTML\img\font\dancehall.gif --> r-i-o-t.com /grill/img/font dancehall.gif
99.08.19 23:35 B d:\Grill\HTML\img\font\drugproblem.gif --> r-i-o-t.com /grill/img/font drugproblem.gif
99.08.19 23:35 B d:\Grill\HTML\img\font\fishnetgirl.gif --> r-i-o-t.com /grill/img/font fishnetgirl.gif
99.08.19 23:35 B d:\Grill\HTML\img\font\freeble.gif --> r-i-o-t.com /grill/img/font freeble.gif
99.08.19 23:36 B d:\Grill\HTML\img\font\futureman.gif --> r-i-o-t.com /grill/img/font futureman.gif
99.08.19 23:36 B d:\Grill\HTML\img\font\gankit.gif --> r-i-o-t.com /grill/img/font gankit.gif
99.08.19 23:36 B d:\Grill\HTML\img\font\giggapop.gif --> r-i-o-t.com /grill/img/font giggapop.gif
99.08.19 23:36 B d:\Grill\HTML\img\font\goffick.gif --> r-i-o-t.com /grill/img/font goffick.gif
99.08.19 23:36 B d:\Grill\HTML\img\font\halebopp.gif --> r-i-o-t.com /grill/img/font halebopp.gif
99.08.19 23:36 B d:\Grill\HTML\img\font\hashsmash.gif --> r-i-o-t.com /grill/img/font hashsmash.gif
99.08.19 23:36 B d:\Grill\HTML\img\font\hubbapiegon.gif --> r-i-o-t.com /grill/img/font hubbapiegon.gif
99.08.19 23:36 A d:\Grill\HTML\img\font\index.html --> r-i-o-t.com /grill/img/font index.html
99.08.19 23:36 B d:\Grill\HTML\img\font\merker.gif --> r-i-o-t.com /grill/img/font merker.gif
99.08.19 23:36 B d:\Grill\HTML\img\font\modboss.gif --> r-i-o-t.com /grill/img/font modboss.gif
99.08.19 23:36 B d:\Grill\HTML\img\font\modkilliah.gif --> r-i-o-t.com /grill/img/font modkilliah.gif
99.08.19 23:36 B d:\Grill\HTML\img\font\modpak.gif --> r-i-o-t.com /grill/img/font modpak.gif
99.08.19 23:37 B d:\Grill\HTML\img\font\modpuffy.gif --> r-i-o-t.com /grill/img/font modpuffy.gif
99.08.19 23:37 B d:\Grill\HTML\img\font\mrcalcium.gif --> r-i-o-t.com /grill/img/font mrcalcium.gif
99.08.19 23:37 B d:\Grill\HTML\img\font\ophake.gif --> r-i-o-t.com /grill/img/font ophake.gif
99.08.19 23:37 B d:\Grill\HTML\img\font\pantaloons.gif --> r-i-o-t.com /grill/img/font pantaloons.gif
99.08.19 23:37 B d:\Grill\HTML\img\font\previewmissing.gif --> r-i-o-t.com /grill/img/font previewmissing.gif
99.08.19 23:37 B d:\Grill\HTML\img\font\radfaceabsurd.gif --> r-i-o-t.com /grill/img/font radfaceabsurd.gif
99.08.19 23:37 B d:\Grill\HTML\img\font\radfacecomplex.gif --> r-i-o-t.com /grill/img/font radfacecomplex.gif
99.08.19 23:37 B d:\Grill\HTML\img\font\radfacenotsimple.gif --> r-i-o-t.com /grill/img/font radfacenotsimple.gif
99.08.19 23:37 B d:\Grill\HTML\img\font\radfacesimple.gif --> r-i-o-t.com /grill/img/font radfacesimple.gif
99.08.19 23:37 B d:\Grill\HTML\img\font\radpak.gif --> r-i-o-t.com /grill/img/font radpak.gif
99.08.19 23:37 B d:\Grill\HTML\img\font\ravergoggle.gif --> r-i-o-t.com /grill/img/font ravergoggle.gif
99.08.19 23:37 B d:\Grill\HTML\img\font\raverkids.gif --> r-i-o-t.com /grill/img/font raverkids.gif
99.08.19 23:37 B d:\Grill\HTML\img\font\rudemerker.gif --> r-i-o-t.com /grill/img/font rudemerker.gif
99.08.19 23:38 B d:\Grill\HTML\img\font\skeemat.gif --> r-i-o-t.com /grill/img/font skeemat.gif
99.08.19 23:38 B d:\Grill\HTML\img\font\skydoor.gif --> r-i-o-t.com /grill/img/font skydoor.gif
99.08.19 23:38 B d:\Grill\HTML\img\font\tinomen.gif --> r-i-o-t.com /grill/img/font tinomen.gif
