99.08.19 01:43 B d:\Grill\HTML\fonts\pc\711slurpiettf.zip <-- Grilledcheese.com /opt/guide/grill/HTML/fonts/pc 711slurpiettf.zip
99.08.19 01:43 B d:\Grill\HTML\fonts\pc\aerosolshadowttf.zip <-- Grilledcheese.com /opt/guide/grill/HTML/fonts/pc aerosolshadowttf.zip
99.08.19 01:44 B d:\Grill\HTML\fonts\pc\aerosolsolidttf.zip <-- Grilledcheese.com /opt/guide/grill/HTML/fonts/pc aerosolsolidttf.zip
99.08.19 01:44 B d:\Grill\HTML\fonts\pc\baseheadttf.zip <-- Grilledcheese.com /opt/guide/grill/HTML/fonts/pc baseheadttf.zip
99.08.19 01:44 B d:\Grill\HTML\fonts\pc\basicgrungettf.zip <-- Grilledcheese.com /opt/guide/grill/HTML/fonts/pc basicgrungettf.zip
99.08.19 01:45 B d:\Grill\HTML\fonts\pc\bbthomttf.zip <-- Grilledcheese.com /opt/guide/grill/HTML/fonts/pc bbthomttf.zip
99.08.19 01:45 B d:\Grill\HTML\fonts\pc\bridiettf.zip <-- Grilledcheese.com /opt/guide/grill/HTML/fonts/pc bridiettf.zip
99.08.19 01:46 B d:\Grill\HTML\fonts\pc\critterisradttf.zip <-- Grilledcheese.com /opt/guide/grill/HTML/fonts/pc critterisradttf.zip
99.08.19 01:46 B d:\Grill\HTML\fonts\pc\futuremanttf.zip <-- Grilledcheese.com /opt/guide/grill/HTML/fonts/pc futuremanttf.zip
99.08.19 01:47 B d:\Grill\HTML\fonts\pc\gankitttf.zip <-- Grilledcheese.com /opt/guide/grill/HTML/fonts/pc gankitttf.zip
99.08.19 01:48 B d:\Grill\HTML\fonts\pc\haleboppttf.zip <-- Grilledcheese.com /opt/guide/grill/HTML/fonts/pc haleboppttf.zip
99.08.19 01:49 B d:\Grill\HTML\fonts\pc\hubbapiegonttf.zip <-- Grilledcheese.com /opt/guide/grill/HTML/fonts/pc hubbapiegonttf.zip
99.08.19 01:49 A d:\Grill\HTML\fonts\pc\index.html <-- Grilledcheese.com /opt/guide/grill/HTML/fonts/pc index.html
99.08.19 01:50 B d:\Grill\HTML\fonts\pc\merkerttf.zip <-- Grilledcheese.com /opt/guide/grill/HTML/fonts/pc merkerttf.zip
99.08.19 01:50 B d:\Grill\HTML\fonts\pc\mrcalciumttf.zip <-- Grilledcheese.com /opt/guide/grill/HTML/fonts/pc mrcalciumttf.zip
99.08.19 01:51 B d:\Grill\HTML\fonts\pc\ophakettf.zip <-- Grilledcheese.com /opt/guide/grill/HTML/fonts/pc ophakettf.zip
99.08.19 01:51 B d:\Grill\HTML\fonts\pc\osciferttf.zip <-- Grilledcheese.com /opt/guide/grill/HTML/fonts/pc osciferttf.zip
99.08.19 01:52 B d:\Grill\HTML\fonts\pc\ransomttf.zip <-- Grilledcheese.com /opt/guide/grill/HTML/fonts/pc ransomttf.zip
99.08.19 01:52 B d:\Grill\HTML\fonts\pc\ravergogglettf.zip <-- Grilledcheese.com /opt/guide/grill/HTML/fonts/pc ravergogglettf.zip
99.08.19 01:53 B d:\Grill\HTML\fonts\pc\raverkidsttf.zip <-- Grilledcheese.com /opt/guide/grill/HTML/fonts/pc raverkidsttf.zip
99.08.19 01:53 B d:\Grill\HTML\fonts\pc\skeematttf.zip <-- Grilledcheese.com /opt/guide/grill/HTML/fonts/pc skeematttf.zip
99.08.19 23:21 B d:\Grill\HTML\fonts\pc\711slurpiettf.zip --> r-i-o-t.com /grill/fonts/pc 711slurpiettf.zip
99.08.19 23:21 B d:\Grill\HTML\fonts\pc\aerosolshadowttf.zip --> r-i-o-t.com /grill/fonts/pc aerosolshadowttf.zip
99.08.19 23:22 B d:\Grill\HTML\fonts\pc\aerosolsolidttf.zip --> r-i-o-t.com /grill/fonts/pc aerosolsolidttf.zip
99.08.19 23:22 B d:\Grill\HTML\fonts\pc\baseheadttf.zip --> r-i-o-t.com /grill/fonts/pc baseheadttf.zip
99.08.19 23:23 B d:\Grill\HTML\fonts\pc\basicgrungettf.zip --> r-i-o-t.com /grill/fonts/pc basicgrungettf.zip
99.08.19 23:23 B d:\Grill\HTML\fonts\pc\bbthomttf.zip --> r-i-o-t.com /grill/fonts/pc bbthomttf.zip
99.08.19 23:24 B d:\Grill\HTML\fonts\pc\bridiettf.zip --> r-i-o-t.com /grill/fonts/pc bridiettf.zip
99.08.19 23:25 B d:\Grill\HTML\fonts\pc\critterisradttf.zip --> r-i-o-t.com /grill/fonts/pc critterisradttf.zip
99.08.19 23:25 B d:\Grill\HTML\fonts\pc\futuremanttf.zip --> r-i-o-t.com /grill/fonts/pc futuremanttf.zip
99.08.19 23:26 B d:\Grill\HTML\fonts\pc\gankitttf.zip --> r-i-o-t.com /grill/fonts/pc gankitttf.zip
99.08.19 23:26 B d:\Grill\HTML\fonts\pc\haleboppttf.zip --> r-i-o-t.com /grill/fonts/pc haleboppttf.zip
99.08.19 23:27 B d:\Grill\HTML\fonts\pc\hubbapiegonttf.zip --> r-i-o-t.com /grill/fonts/pc hubbapiegonttf.zip
99.08.19 23:27 A d:\Grill\HTML\fonts\pc\index.html --> r-i-o-t.com /grill/fonts/pc index.html
99.08.19 23:28 B d:\Grill\HTML\fonts\pc\merkerttf.zip --> r-i-o-t.com /grill/fonts/pc merkerttf.zip
99.08.19 23:28 B d:\Grill\HTML\fonts\pc\mrcalciumttf.zip --> r-i-o-t.com /grill/fonts/pc mrcalciumttf.zip
99.08.19 23:29 B d:\Grill\HTML\fonts\pc\ophakettf.zip --> r-i-o-t.com /grill/fonts/pc ophakettf.zip
99.08.19 23:29 B d:\Grill\HTML\fonts\pc\osciferttf.zip --> r-i-o-t.com /grill/fonts/pc osciferttf.zip
99.08.19 23:30 B d:\Grill\HTML\fonts\pc\ransomttf.zip --> r-i-o-t.com /grill/fonts/pc ransomttf.zip
99.08.19 23:30 B d:\Grill\HTML\fonts\pc\ravergogglettf.zip --> r-i-o-t.com /grill/fonts/pc ravergogglettf.zip
99.08.19 23:31 B d:\Grill\HTML\fonts\pc\raverkidsttf.zip --> r-i-o-t.com /grill/fonts/pc raverkidsttf.zip
99.08.19 23:31 B d:\Grill\HTML\fonts\pc\skeematttf.zip --> r-i-o-t.com /grill/fonts/pc skeematttf.zip
