99.08.19 01:55 B d:\Grill\HTML\img\font\preview\711slurpie.gif <-- Grilledcheese.com /opt/guide/grill/HTML/img/font/preview 711slurpie.gif
99.08.19 01:55 B d:\Grill\HTML\img\font\preview\basehead.gif <-- Grilledcheese.com /opt/guide/grill/HTML/img/font/preview basehead.gif
99.08.19 01:55 B d:\Grill\HTML\img\font\preview\bbthom.gif <-- Grilledcheese.com /opt/guide/grill/HTML/img/font/preview bbthom.gif
99.08.19 01:55 B d:\Grill\HTML\img\font\preview\bridie.gif <-- Grilledcheese.com /opt/guide/grill/HTML/img/font/preview bridie.gif
99.08.19 01:55 B d:\Grill\HTML\img\font\preview\loading.gif <-- Grilledcheese.com /opt/guide/grill/HTML/img/font/preview loading.gif
99.08.19 01:55 B d:\Grill\HTML\img\font\preview\merker.gif <-- Grilledcheese.com /opt/guide/grill/HTML/img/font/preview merker.gif
99.08.19 01:55 B d:\Grill\HTML\img\font\preview\missing.gif <-- Grilledcheese.com /opt/guide/grill/HTML/img/font/preview missing.gif
99.08.19 01:55 B d:\Grill\HTML\img\font\preview\ophake.gif <-- Grilledcheese.com /opt/guide/grill/HTML/img/font/preview ophake.gif
99.08.19 01:55 B d:\Grill\HTML\img\font\preview\ravergoggle.gif <-- Grilledcheese.com /opt/guide/grill/HTML/img/font/preview ravergoggle.gif
99.08.19 01:55 B d:\Grill\HTML\img\font\preview\raverkids.gif <-- Grilledcheese.com /opt/guide/grill/HTML/img/font/preview raverkids.gif
99.08.19 23:34 B d:\Grill\HTML\img\font\preview\711slurpie.gif --> r-i-o-t.com /grill/img/font/preview 711slurpie.gif
99.08.19 23:34 B d:\Grill\HTML\img\font\preview\basehead.gif --> r-i-o-t.com /grill/img/font/preview basehead.gif
99.08.19 23:34 B d:\Grill\HTML\img\font\preview\bbthom.gif --> r-i-o-t.com /grill/img/font/preview bbthom.gif
99.08.19 23:34 B d:\Grill\HTML\img\font\preview\bridie.gif --> r-i-o-t.com /grill/img/font/preview bridie.gif
99.08.19 23:34 B d:\Grill\HTML\img\font\preview\loading.gif --> r-i-o-t.com /grill/img/font/preview loading.gif
99.08.19 23:34 B d:\Grill\HTML\img\font\preview\merker.gif --> r-i-o-t.com /grill/img/font/preview merker.gif
99.08.19 23:34 B d:\Grill\HTML\img\font\preview\missing.gif --> r-i-o-t.com /grill/img/font/preview missing.gif
99.08.19 23:34 B d:\Grill\HTML\img\font\preview\ophake.gif --> r-i-o-t.com /grill/img/font/preview ophake.gif
99.08.19 23:34 B d:\Grill\HTML\img\font\preview\ravergoggle.gif --> r-i-o-t.com /grill/img/font/preview ravergoggle.gif
99.08.19 23:35 B d:\Grill\HTML\img\font\preview\raverkids.gif --> r-i-o-t.com /grill/img/font/preview raverkids.gif
