99.08.19 01:12 B d:\Grill\HTML\fonts\mac\711slurpieps.sit.hqx <-- Grilledcheese.com /opt/guide/grill/HTML/fonts/mac 711slurpieps.sit.hqx
99.08.19 01:14 B d:\Grill\HTML\fonts\mac\711slurpiettf.sit.hqx <-- Grilledcheese.com /opt/guide/grill/HTML/fonts/mac 711slurpiettf.sit.hqx
99.08.19 01:15 B d:\Grill\HTML\fonts\mac\aerosolshadowttf.sit.hqx <-- Grilledcheese.com /opt/guide/grill/HTML/fonts/mac aerosolshadowttf.sit.hqx
99.08.19 01:16 B d:\Grill\HTML\fonts\mac\aerosolsolidttf.sit.hqx <-- Grilledcheese.com /opt/guide/grill/HTML/fonts/mac aerosolsolidttf.sit.hqx
99.08.19 01:17 B d:\Grill\HTML\fonts\mac\baseheadps.sit.hqx <-- Grilledcheese.com /opt/guide/grill/HTML/fonts/mac baseheadps.sit.hqx
99.08.19 01:18 B d:\Grill\HTML\fonts\mac\baseheadttf.sit.hqx <-- Grilledcheese.com /opt/guide/grill/HTML/fonts/mac baseheadttf.sit.hqx
99.08.19 01:20 B d:\Grill\HTML\fonts\mac\basicgrungeps.sit.hqx <-- Grilledcheese.com /opt/guide/grill/HTML/fonts/mac basicgrungeps.sit.hqx
99.08.19 01:21 B d:\Grill\HTML\fonts\mac\basicgrungettf.sit.hqx <-- Grilledcheese.com /opt/guide/grill/HTML/fonts/mac basicgrungettf.sit.hqx
99.08.19 01:22 B d:\Grill\HTML\fonts\mac\bbthomps.sit.hqx <-- Grilledcheese.com /opt/guide/grill/HTML/fonts/mac bbthomps.sit.hqx
99.08.19 01:23 B d:\Grill\HTML\fonts\mac\bbthomttf.sit.hqx <-- Grilledcheese.com /opt/guide/grill/HTML/fonts/mac bbthomttf.sit.hqx
99.08.19 01:24 B d:\Grill\HTML\fonts\mac\bridiettf.sit.hqx <-- Grilledcheese.com /opt/guide/grill/HTML/fonts/mac bridiettf.sit.hqx
99.08.19 01:24 B d:\Grill\HTML\fonts\mac\dancehall.sit.hqx <-- Grilledcheese.com /opt/guide/grill/HTML/fonts/mac dancehall.sit.hqx
99.08.19 01:26 B d:\Grill\HTML\fonts\mac\dancehallps.sit.hqx <-- Grilledcheese.com /opt/guide/grill/HTML/fonts/mac dancehallps.sit.hqx
99.08.19 01:26 B d:\Grill\HTML\fonts\mac\dancehallttf.sit.hqx <-- Grilledcheese.com /opt/guide/grill/HTML/fonts/mac dancehallttf.sit.hqx
99.08.19 01:27 B d:\Grill\HTML\fonts\mac\dancettf.sit.hqx <-- Grilledcheese.com /opt/guide/grill/HTML/fonts/mac dancettf.sit.hqx
99.08.19 01:29 B d:\Grill\HTML\fonts\mac\haleboppps.sit.hqx <-- Grilledcheese.com /opt/guide/grill/HTML/fonts/mac haleboppps.sit.hqx
99.08.19 01:31 B d:\Grill\HTML\fonts\mac\haleboppttf.sit.hqx <-- Grilledcheese.com /opt/guide/grill/HTML/fonts/mac haleboppttf.sit.hqx
99.08.19 01:31 A d:\Grill\HTML\fonts\mac\index.html <-- Grilledcheese.com /opt/guide/grill/HTML/fonts/mac index.html
99.08.19 01:32 B d:\Grill\HTML\fonts\mac\merkerps.sit.hqx <-- Grilledcheese.com /opt/guide/grill/HTML/fonts/mac merkerps.sit.hqx
99.08.19 01:32 B d:\Grill\HTML\fonts\mac\merkerttf.sit.hqx <-- Grilledcheese.com /opt/guide/grill/HTML/fonts/mac merkerttf.sit.hqx
99.08.19 01:34 B d:\Grill\HTML\fonts\mac\ophakeps.sit.hqx <-- Grilledcheese.com /opt/guide/grill/HTML/fonts/mac ophakeps.sit.hqx
99.08.19 01:35 B d:\Grill\HTML\fonts\mac\ophakettf.sit.hqx <-- Grilledcheese.com /opt/guide/grill/HTML/fonts/mac ophakettf.sit.hqx
99.08.19 01:36 B d:\Grill\HTML\fonts\mac\ransomps.sit.hqx <-- Grilledcheese.com /opt/guide/grill/HTML/fonts/mac ransomps.sit.hqx
99.08.19 01:36 B d:\Grill\HTML\fonts\mac\ransomttf.sit.hqx <-- Grilledcheese.com /opt/guide/grill/HTML/fonts/mac ransomttf.sit.hqx
99.08.19 01:37 B d:\Grill\HTML\fonts\mac\ravergoggleps.sit.hqx <-- Grilledcheese.com /opt/guide/grill/HTML/fonts/mac ravergoggleps.sit.hqx
99.08.19 01:37 B d:\Grill\HTML\fonts\mac\ravergogglettf.sit.hqx <-- Grilledcheese.com /opt/guide/grill/HTML/fonts/mac ravergogglettf.sit.hqx
99.08.19 01:38 B d:\Grill\HTML\fonts\mac\raverkidsps.sit.hqx <-- Grilledcheese.com /opt/guide/grill/HTML/fonts/mac raverkidsps.sit.hqx
99.08.19 01:39 B d:\Grill\HTML\fonts\mac\raverkidsttf.sit.hqx <-- Grilledcheese.com /opt/guide/grill/HTML/fonts/mac raverkidsttf.sit.hqx
99.08.19 01:41 B d:\Grill\HTML\fonts\mac\skeematps.sit.hqx <-- Grilledcheese.com /opt/guide/grill/HTML/fonts/mac skeematps.sit.hqx
99.08.19 01:42 B d:\Grill\HTML\fonts\mac\skeematttf.sit.hqx <-- Grilledcheese.com /opt/guide/grill/HTML/fonts/mac skeematttf.sit.hqx
99.08.19 22:54 B d:\Grill\HTML\fonts\mac\711slurpieps.sit.hqx --> r-i-o-t.com /grill/fonts/mac 711slurpieps.sit.hqx
99.08.19 22:55 B d:\Grill\HTML\fonts\mac\711slurpiettf.sit.hqx --> r-i-o-t.com /grill/fonts/mac 711slurpiettf.sit.hqx
99.08.19 22:56 B d:\Grill\HTML\fonts\mac\aerosolshadowttf.sit.hqx --> r-i-o-t.com /grill/fonts/mac aerosolshadowttf.sit.hqx
99.08.19 22:57 B d:\Grill\HTML\fonts\mac\aerosolsolidttf.sit.hqx --> r-i-o-t.com /grill/fonts/mac aerosolsolidttf.sit.hqx
99.08.19 22:57 B d:\Grill\HTML\fonts\mac\baseheadps.sit.hqx --> r-i-o-t.com /grill/fonts/mac baseheadps.sit.hqx
99.08.19 22:58 B d:\Grill\HTML\fonts\mac\baseheadttf.sit.hqx --> r-i-o-t.com /grill/fonts/mac baseheadttf.sit.hqx
99.08.19 22:59 B d:\Grill\HTML\fonts\mac\basicgrungeps.sit.hqx --> r-i-o-t.com /grill/fonts/mac basicgrungeps.sit.hqx
99.08.19 23:00 B d:\Grill\HTML\fonts\mac\basicgrungettf.sit.hqx --> r-i-o-t.com /grill/fonts/mac basicgrungettf.sit.hqx
99.08.19 23:01 B d:\Grill\HTML\fonts\mac\bbthomps.sit.hqx --> r-i-o-t.com /grill/fonts/mac bbthomps.sit.hqx
99.08.19 23:02 B d:\Grill\HTML\fonts\mac\bbthomttf.sit.hqx --> r-i-o-t.com /grill/fonts/mac bbthomttf.sit.hqx
99.08.19 23:02 B d:\Grill\HTML\fonts\mac\bridiettf.sit.hqx --> r-i-o-t.com /grill/fonts/mac bridiettf.sit.hqx
99.08.19 23:03 B d:\Grill\HTML\fonts\mac\dancehall.sit.hqx --> r-i-o-t.com /grill/fonts/mac dancehall.sit.hqx
99.08.19 23:04 B d:\Grill\HTML\fonts\mac\dancehallps.sit.hqx --> r-i-o-t.com /grill/fonts/mac dancehallps.sit.hqx
99.08.19 23:04 B d:\Grill\HTML\fonts\mac\dancehallttf.sit.hqx --> r-i-o-t.com /grill/fonts/mac dancehallttf.sit.hqx
99.08.19 23:05 B d:\Grill\HTML\fonts\mac\dancettf.sit.hqx --> r-i-o-t.com /grill/fonts/mac dancettf.sit.hqx
99.08.19 23:07 B d:\Grill\HTML\fonts\mac\haleboppps.sit.hqx --> r-i-o-t.com /grill/fonts/mac haleboppps.sit.hqx
99.08.19 23:09 B d:\Grill\HTML\fonts\mac\haleboppttf.sit.hqx --> r-i-o-t.com /grill/fonts/mac haleboppttf.sit.hqx
99.08.19 23:09 A d:\Grill\HTML\fonts\mac\index.html --> r-i-o-t.com /grill/fonts/mac index.html
99.08.19 23:10 B d:\Grill\HTML\fonts\mac\merkerps.sit.hqx --> r-i-o-t.com /grill/fonts/mac merkerps.sit.hqx
99.08.19 23:11 B d:\Grill\HTML\fonts\mac\merkerttf.sit.hqx --> r-i-o-t.com /grill/fonts/mac merkerttf.sit.hqx
99.08.19 23:12 B d:\Grill\HTML\fonts\mac\ophakeps.sit.hqx --> r-i-o-t.com /grill/fonts/mac ophakeps.sit.hqx
99.08.19 23:13 B d:\Grill\HTML\fonts\mac\ophakettf.sit.hqx --> r-i-o-t.com /grill/fonts/mac ophakettf.sit.hqx
99.08.19 23:15 B d:\Grill\HTML\fonts\mac\ransomps.sit.hqx --> r-i-o-t.com /grill/fonts/mac ransomps.sit.hqx
99.08.19 23:15 B d:\Grill\HTML\fonts\mac\ransomttf.sit.hqx --> r-i-o-t.com /grill/fonts/mac ransomttf.sit.hqx
99.08.19 23:16 B d:\Grill\HTML\fonts\mac\ravergoggleps.sit.hqx --> r-i-o-t.com /grill/fonts/mac ravergoggleps.sit.hqx
99.08.19 23:16 B d:\Grill\HTML\fonts\mac\ravergogglettf.sit.hqx --> r-i-o-t.com /grill/fonts/mac ravergogglettf.sit.hqx
99.08.19 23:17 B d:\Grill\HTML\fonts\mac\raverkidsps.sit.hqx --> r-i-o-t.com /grill/fonts/mac raverkidsps.sit.hqx
99.08.19 23:17 B d:\Grill\HTML\fonts\mac\raverkidsttf.sit.hqx --> r-i-o-t.com /grill/fonts/mac raverkidsttf.sit.hqx
99.08.19 23:19 B d:\Grill\HTML\fonts\mac\skeematps.sit.hqx --> r-i-o-t.com /grill/fonts/mac skeematps.sit.hqx
99.08.19 23:20 B d:\Grill\HTML\fonts\mac\skeematttf.sit.hqx --> r-i-o-t.com /grill/fonts/mac skeematttf.sit.hqx
